# Logfile created on 2025-08-25 21:57:00 -0500 by logger.rb/v1.7.0
[2025-08-25 21:57:00.565] INFO  -- citizen.rb:277 : 911 call placed: accident at 654 Maple Road - Fender bender in parking lot
[2025-08-25 21:57:02.209] INFO  -- citizen.rb:277 : 911 call placed: transportation_emergency at 987 Cedar Court - Bus crashed into building downtown!
[2025-08-25 21:57:04.039] INFO  -- citizen.rb:277 : 911 call placed: water_emergency at 147 Birch Way - Sewage backup in multiple homes!
[2025-08-25 21:57:05.459] INFO  -- citizen.rb:277 : 911 call placed: other at 123 Main Street - Swarm of bees has taken over playground equipment
[2025-08-25 21:57:07.142] ERROR -- citizen.rb:282 : Error making 911 call: Messages::Emergency911Message#emergency_type: Emergency type must be: fire, medical, crime, accident, hazmat, rescue, water_emergency, animal_emergency, infrastructure_emergency, transportation_emergency, environmental_emergency, parks_emergency, sanitation_emergency, other
[2025-08-25 21:57:13.571] INFO  -- messaging.rb:60 : [SmartMessage] Published: Messages::Emergency911Message via RedisTransport
[2025-08-25 21:57:13.571] INFO  -- citizen.rb:277 : 911 call placed: crime at 258 Spruce Boulevard - Break-in in progress! I can see them in my neighbor's house!
[2025-08-25 21:57:15.052] INFO  -- messaging.rb:60 : [SmartMessage] Published: Messages::Emergency911Message via RedisTransport
[2025-08-25 21:57:15.052] INFO  -- citizen.rb:277 : 911 call placed: other at 789 Pine Lane - Large tree branch fallen across walking trail
[2025-08-25 21:57:16.469] INFO  -- messaging.rb:60 : [SmartMessage] Published: Messages::Emergency911Message via RedisTransport
[2025-08-25 21:57:16.469] INFO  -- citizen.rb:277 : 911 call placed: other at 987 Cedar Court - Aggressive stray dog attacking people in the park
[2025-08-25 21:57:17.216] ERROR -- messaging.rb:65 : [SmartMessage] Error in message publishing: SmartMessage::Errors::ValidationError - Messages::Emergency911Message#emergency_type: Emergency type must be: fire, medical, crime, accident, hazmat, rescue, water_emergency, animal_emergency, infrastructure_emergency, transportation_emergency, environmental_emergency, parks_emergency, sanitation_emergency, other
[2025-08-25 21:57:17.216] ERROR -- citizen.rb:282 : Error making 911 call: Messages::Emergency911Message#emergency_type: Emergency type must be: fire, medical, crime, accident, hazmat, rescue, water_emergency, animal_emergency, infrastructure_emergency, transportation_emergency, environmental_emergency, parks_emergency, sanitation_emergency, other
[2025-08-25 21:57:21.170] INFO  -- messaging.rb:60 : [SmartMessage] Published: Messages::Emergency911Message via RedisTransport
[2025-08-25 21:57:21.170] INFO  -- citizen.rb:277 : 911 call placed: hazmat at 654 Maple Road - Chemical spill from overturned truck! Strong fumes!
[2025-08-25 21:57:25.581] INFO  -- messaging.rb:60 : [SmartMessage] Published: Messages::Emergency911Message via RedisTransport
[2025-08-25 21:57:25.581] INFO  -- citizen.rb:277 : 911 call placed: animal_emergency at 258 Spruce Boulevard - Pack of aggressive stray dogs in schoolyard!
[2025-08-25 21:57:27.222] INFO  -- messaging.rb:60 : [SmartMessage] Published: Messages::Emergency911Message via RedisTransport
[2025-08-25 21:57:27.222] INFO  -- citizen.rb:277 : 911 call placed: parks_emergency at 321 Elm Drive - Massive tree fell on playground during school hours!
[2025-08-25 21:57:34.056] INFO  -- messaging.rb:60 : [SmartMessage] Published: Messages::Emergency911Message via RedisTransport
[2025-08-25 21:57:34.056] INFO  -- citizen.rb:277 : 911 call placed: environmental_emergency at 987 Cedar Court - Toxic waste spill near river!
[2025-08-25 21:57:34.477] INFO  -- messaging.rb:60 : [SmartMessage] Published: Messages::Emergency911Message via RedisTransport
[2025-08-25 21:57:34.477] INFO  -- citizen.rb:277 : 911 call placed: transportation_emergency at 789 Pine Lane - Major traffic signal failure causing gridlock!
[2025-08-25 21:57:40.229] ERROR -- messaging.rb:65 : [SmartMessage] Error in message publishing: SmartMessage::Errors::ValidationError - Messages::Emergency911Message#emergency_type: Emergency type must be: fire, medical, crime, accident, hazmat, rescue, water_emergency, animal_emergency, infrastructure_emergency, transportation_emergency, environmental_emergency, parks_emergency, sanitation_emergency, other
[2025-08-25 21:57:40.229] ERROR -- citizen.rb:282 : Error making 911 call: Messages::Emergency911Message#emergency_type: Emergency type must be: fire, medical, crime, accident, hazmat, rescue, water_emergency, animal_emergency, infrastructure_emergency, transportation_emergency, environmental_emergency, parks_emergency, sanitation_emergency, other
[2025-08-25 21:57:41.178] INFO  -- messaging.rb:60 : [SmartMessage] Published: Messages::Emergency911Message via RedisTransport
[2025-08-25 21:57:41.178] INFO  -- citizen.rb:277 : 911 call placed: infrastructure_emergency at 258 Spruce Boulevard - Massive sinkhole opened up on Main Street!
[2025-08-25 21:57:44.587] INFO  -- messaging.rb:60 : [SmartMessage] Published: Messages::Emergency911Message via RedisTransport
[2025-08-25 21:57:44.587] INFO  -- citizen.rb:277 : 911 call placed: crime at 456 Oak Avenue - My car was stolen from my driveway
[2025-08-25 21:57:48.061] ERROR -- messaging.rb:65 : [SmartMessage] Error in message publishing: SmartMessage::Errors::ValidationError - Messages::Emergency911Message#emergency_type: Emergency type must be: fire, medical, crime, accident, hazmat, rescue, water_emergency, animal_emergency, infrastructure_emergency, transportation_emergency, environmental_emergency, parks_emergency, sanitation_emergency, other
[2025-08-25 21:57:48.061] ERROR -- citizen.rb:282 : Error making 911 call: Messages::Emergency911Message#emergency_type: Emergency type must be: fire, medical, crime, accident, hazmat, rescue, water_emergency, animal_emergency, infrastructure_emergency, transportation_emergency, environmental_emergency, parks_emergency, sanitation_emergency, other
[2025-08-25 21:57:51.480] INFO  -- messaging.rb:60 : [SmartMessage] Published: Messages::Emergency911Message via RedisTransport
[2025-08-25 21:57:51.480] INFO  -- citizen.rb:277 : 911 call placed: other at 789 Pine Lane - Dead deer on the highway causing traffic backup
[2025-08-25 21:57:52.185] INFO  -- messaging.rb:60 : [SmartMessage] Published: Messages::Emergency911Message via RedisTransport
[2025-08-25 21:57:52.186] INFO  -- citizen.rb:277 : 911 call placed: environmental_emergency at 147 Birch Way - Illegal chemical dumping discovered!
[2025-08-25 21:58:00.234] INFO  -- messaging.rb:60 : [SmartMessage] Published: Messages::Emergency911Message via RedisTransport
[2025-08-25 21:58:00.234] INFO  -- citizen.rb:277 : 911 call placed: environmental_emergency at 456 Oak Avenue - Hazardous air quality alert - smoke from unknown source!
[2025-08-25 21:58:03.486] INFO  -- messaging.rb:60 : [SmartMessage] Published: Messages::Emergency911Message via RedisTransport
[2025-08-25 21:58:03.486] INFO  -- citizen.rb:277 : 911 call placed: transportation_emergency at 321 Elm Drive - Bus crashed into building downtown!
[2025-08-25 21:58:03.592] INFO  -- messaging.rb:60 : [SmartMessage] Published: Messages::Emergency911Message via RedisTransport
[2025-08-25 21:58:03.592] INFO  -- citizen.rb:277 : 911 call placed: other at 456 Oak Avenue - Traffic lights malfunctioning at major intersection
[2025-08-25 21:58:04.068] INFO  -- messaging.rb:60 : [SmartMessage] Published: Messages::Emergency911Message via RedisTransport
[2025-08-25 21:58:04.068] INFO  -- citizen.rb:277 : 911 call placed: infrastructure_emergency at 258 Spruce Boulevard - Street lights out in entire district!
[2025-08-25 21:58:11.191] INFO  -- messaging.rb:60 : [SmartMessage] Published: Messages::Emergency911Message via RedisTransport
[2025-08-25 21:58:11.191] INFO  -- citizen.rb:277 : 911 call placed: other at 123 Main Street - Large pothole opened up, cars getting damaged
[2025-08-25 21:58:14.600] INFO  -- messaging.rb:60 : [SmartMessage] Published: Messages::Emergency911Message via RedisTransport
[2025-08-25 21:58:14.601] INFO  -- citizen.rb:277 : 911 call placed: environmental_emergency at 321 Elm Drive - Hazardous air quality alert - smoke from unknown source!
[2025-08-25 21:58:15.489] INFO  -- messaging.rb:60 : [SmartMessage] Published: Messages::Emergency911Message via RedisTransport
[2025-08-25 21:58:15.489] INFO  -- citizen.rb:277 : 911 call placed: infrastructure_emergency at 654 Maple Road - Massive sinkhole opened up on Main Street!
[2025-08-25 21:58:19.235] INFO  -- messaging.rb:60 : [SmartMessage] Published: Messages::Emergency911Message via RedisTransport
[2025-08-25 21:58:19.236] INFO  -- citizen.rb:277 : 911 call placed: water_emergency at 321 Elm Drive - Major water main break! Entire street is flooded!
[2025-08-25 21:58:23.074] INFO  -- messaging.rb:60 : [SmartMessage] Published: Messages::Emergency911Message via RedisTransport
[2025-08-25 21:58:23.074] INFO  -- citizen.rb:277 : 911 call placed: environmental_emergency at 123 Main Street - Hazardous air quality alert - smoke from unknown source!
[2025-08-25 21:58:24.198] INFO  -- messaging.rb:60 : [SmartMessage] Published: Messages::Emergency911Message via RedisTransport
[2025-08-25 21:58:24.198] INFO  -- citizen.rb:277 : 911 call placed: water_emergency at 456 Oak Avenue - Major water main break! Entire street is flooded!
[2025-08-25 21:58:29.244] INFO  -- messaging.rb:60 : [SmartMessage] Published: Messages::Emergency911Message via RedisTransport
[2025-08-25 21:58:29.244] INFO  -- citizen.rb:277 : 911 call placed: infrastructure_emergency at 147 Birch Way - Street lights out in entire district!
[2025-08-25 21:58:29.492] INFO  -- messaging.rb:60 : [SmartMessage] Published: Messages::Emergency911Message via RedisTransport
[2025-08-25 21:58:29.492] INFO  -- citizen.rb:277 : 911 call placed: other at 456 Oak Avenue - Large tree branch fallen across walking trail
[2025-08-25 21:58:29.605] INFO  -- messaging.rb:60 : [SmartMessage] Published: Messages::Emergency911Message via RedisTransport
[2025-08-25 21:58:29.605] INFO  -- citizen.rb:277 : 911 call placed: hazmat at 147 Birch Way - Chemical spill from overturned truck! Strong fumes!
[2025-08-25 21:58:36.077] INFO  -- messaging.rb:60 : [SmartMessage] Published: Messages::Emergency911Message via RedisTransport
[2025-08-25 21:58:36.077] INFO  -- citizen.rb:277 : 911 call placed: environmental_emergency at 147 Birch Way - Illegal chemical dumping discovered!
[2025-08-25 21:58:37.204] INFO  -- messaging.rb:60 : [SmartMessage] Published: Messages::Emergency911Message via RedisTransport
[2025-08-25 21:58:37.204] INFO  -- citizen.rb:277 : 911 call placed: medical at 654 Maple Road - Elderly person fell down stairs, bleeding heavily
[2025-08-25 21:58:47.246] ERROR -- messaging.rb:65 : [SmartMessage] Error in message publishing: SmartMessage::Errors::ValidationError - Messages::Emergency911Message#emergency_type: Emergency type must be: fire, medical, crime, accident, hazmat, rescue, water_emergency, animal_emergency, infrastructure_emergency, transportation_emergency, environmental_emergency, parks_emergency, sanitation_emergency, other
[2025-08-25 21:58:47.246] ERROR -- citizen.rb:282 : Error making 911 call: Messages::Emergency911Message#emergency_type: Emergency type must be: fire, medical, crime, accident, hazmat, rescue, water_emergency, animal_emergency, infrastructure_emergency, transportation_emergency, environmental_emergency, parks_emergency, sanitation_emergency, other
[2025-08-25 21:58:48.497] INFO  -- messaging.rb:60 : [SmartMessage] Published: Messages::Emergency911Message via RedisTransport
[2025-08-25 21:58:48.497] INFO  -- citizen.rb:277 : 911 call placed: parks_emergency at 321 Elm Drive - Massive tree fell on playground during school hours!
[2025-08-25 21:58:48.612] INFO  -- messaging.rb:60 : [SmartMessage] Published: Messages::Emergency911Message via RedisTransport
[2025-08-25 21:58:48.612] INFO  -- citizen.rb:277 : 911 call placed: other at 147 Birch Way - Playground equipment broken, children could get hurt
[2025-08-25 21:58:50.085] INFO  -- messaging.rb:60 : [SmartMessage] Published: Messages::Emergency911Message via RedisTransport
[2025-08-25 21:58:50.085] INFO  -- citizen.rb:277 : 911 call placed: animal_emergency at 789 Pine Lane - Rabid raccoon attacking people!
[2025-08-25 21:58:51.207] ERROR -- messaging.rb:65 : [SmartMessage] Error in message publishing: SmartMessage::Errors::ValidationError - Messages::Emergency911Message#emergency_type: Emergency type must be: fire, medical, crime, accident, hazmat, rescue, water_emergency, animal_emergency, infrastructure_emergency, transportation_emergency, environmental_emergency, parks_emergency, sanitation_emergency, other
[2025-08-25 21:58:51.207] ERROR -- citizen.rb:282 : Error making 911 call: Messages::Emergency911Message#emergency_type: Emergency type must be: fire, medical, crime, accident, hazmat, rescue, water_emergency, animal_emergency, infrastructure_emergency, transportation_emergency, environmental_emergency, parks_emergency, sanitation_emergency, other
[2025-08-25 21:59:01.251] INFO  -- messaging.rb:60 : [SmartMessage] Published: Messages::Emergency911Message via RedisTransport
[2025-08-25 21:59:01.251] INFO  -- citizen.rb:277 : 911 call placed: parks_emergency at 147 Birch Way - Vandalism and destruction at city park!
[2025-08-25 21:59:01.619] INFO  -- messaging.rb:60 : [SmartMessage] Published: Messages::Emergency911Message via RedisTransport
[2025-08-25 21:59:01.619] INFO  -- citizen.rb:277 : 911 call placed: infrastructure_emergency at 321 Elm Drive - Massive sinkhole opened up on Main Street!
[2025-08-25 21:59:02.503] INFO  -- messaging.rb:60 : [SmartMessage] Published: Messages::Emergency911Message via RedisTransport
[2025-08-25 21:59:02.503] INFO  -- citizen.rb:277 : 911 call placed: water_emergency at 321 Elm Drive - Major water main break! Entire street is flooded!
[2025-08-25 21:59:06.093] INFO  -- messaging.rb:60 : [SmartMessage] Published: Messages::Emergency911Message via RedisTransport
[2025-08-25 21:59:06.094] INFO  -- citizen.rb:277 : 911 call placed: infrastructure_emergency at 789 Pine Lane - Bridge showing signs of collapse!
[2025-08-25 21:59:08.216] INFO  -- messaging.rb:60 : [SmartMessage] Published: Messages::Emergency911Message via RedisTransport
[2025-08-25 21:59:08.216] INFO  -- citizen.rb:277 : 911 call placed: infrastructure_emergency at 654 Maple Road - Bridge showing signs of collapse!
[2025-08-25 21:59:13.255] ERROR -- messaging.rb:65 : [SmartMessage] Error in message publishing: SmartMessage::Errors::ValidationError - Messages::Emergency911Message#emergency_type: Emergency type must be: fire, medical, crime, accident, hazmat, rescue, water_emergency, animal_emergency, infrastructure_emergency, transportation_emergency, environmental_emergency, parks_emergency, sanitation_emergency, other
[2025-08-25 21:59:13.255] ERROR -- citizen.rb:282 : Error making 911 call: Messages::Emergency911Message#emergency_type: Emergency type must be: fire, medical, crime, accident, hazmat, rescue, water_emergency, animal_emergency, infrastructure_emergency, transportation_emergency, environmental_emergency, parks_emergency, sanitation_emergency, other
[2025-08-25 21:59:15.624] INFO  -- messaging.rb:60 : [SmartMessage] Published: Messages::Emergency911Message via RedisTransport
[2025-08-25 21:59:15.624] INFO  -- citizen.rb:277 : 911 call placed: infrastructure_emergency at 456 Oak Avenue - Street lights out in entire district!
[2025-08-25 21:59:16.509] ERROR -- messaging.rb:65 : [SmartMessage] Error in message publishing: SmartMessage::Errors::ValidationError - Messages::Emergency911Message#emergency_type: Emergency type must be: fire, medical, crime, accident, hazmat, rescue, water_emergency, animal_emergency, infrastructure_emergency, transportation_emergency, environmental_emergency, parks_emergency, sanitation_emergency, other
[2025-08-25 21:59:16.509] ERROR -- citizen.rb:282 : Error making 911 call: Messages::Emergency911Message#emergency_type: Emergency type must be: fire, medical, crime, accident, hazmat, rescue, water_emergency, animal_emergency, infrastructure_emergency, transportation_emergency, environmental_emergency, parks_emergency, sanitation_emergency, other
[2025-08-25 21:59:19.098] INFO  -- messaging.rb:60 : [SmartMessage] Published: Messages::Emergency911Message via RedisTransport
[2025-08-25 21:59:19.098] INFO  -- citizen.rb:277 : 911 call placed: animal_emergency at 789 Pine Lane - Bear wandering through downtown!
[2025-08-25 21:59:22.219] INFO  -- messaging.rb:60 : [SmartMessage] Published: Messages::Emergency911Message via RedisTransport
[2025-08-25 21:59:22.219] INFO  -- citizen.rb:277 : 911 call placed: other at 987 Cedar Court - Power lines down across the road
[2025-08-25 21:59:25.261] INFO  -- messaging.rb:60 : [SmartMessage] Published: Messages::Emergency911Message via RedisTransport
[2025-08-25 21:59:25.261] INFO  -- citizen.rb:277 : 911 call placed: infrastructure_emergency at 258 Spruce Boulevard - Bridge showing signs of collapse!
[2025-08-25 21:59:35.108] INFO  -- messaging.rb:60 : [SmartMessage] Published: Messages::Emergency911Message via RedisTransport
[2025-08-25 21:59:35.108] INFO  -- citizen.rb:277 : 911 call placed: parks_emergency at 987 Cedar Court - Massive tree fell on playground during school hours!
[2025-08-25 21:59:35.224] INFO  -- messaging.rb:60 : [SmartMessage] Published: Messages::Emergency911Message via RedisTransport
[2025-08-25 21:59:35.224] INFO  -- citizen.rb:277 : 911 call placed: accident at 987 Cedar Court - Multi-car pileup on the highway! At least 5 cars!
[2025-08-25 21:59:35.518] INFO  -- messaging.rb:60 : [SmartMessage] Published: Messages::Emergency911Message via RedisTransport
[2025-08-25 21:59:35.518] INFO  -- citizen.rb:277 : 911 call placed: fire at 789 Pine Lane - House is on fire! Smoke everywhere!
[2025-08-25 21:59:35.633] INFO  -- messaging.rb:60 : [SmartMessage] Published: Messages::Emergency911Message via RedisTransport
[2025-08-25 21:59:35.633] INFO  -- citizen.rb:277 : 911 call placed: transportation_emergency at 987 Cedar Court - Subway tunnel flooded, passengers trapped!
[2025-08-25 21:59:43.270] INFO  -- messaging.rb:60 : [SmartMessage] Published: Messages::Emergency911Message via RedisTransport
[2025-08-25 21:59:43.271] INFO  -- citizen.rb:277 : 911 call placed: animal_emergency at 123 Main Street - Pack of aggressive stray dogs in schoolyard!
[2025-08-25 21:59:45.231] INFO  -- messaging.rb:60 : [SmartMessage] Published: Messages::Emergency911Message via RedisTransport
[2025-08-25 21:59:45.231] INFO  -- citizen.rb:277 : 911 call placed: transportation_emergency at 147 Birch Way - Subway tunnel flooded, passengers trapped!
[2025-08-25 21:59:46.523] INFO  -- messaging.rb:60 : [SmartMessage] Published: Messages::Emergency911Message via RedisTransport
[2025-08-25 21:59:46.524] INFO  -- citizen.rb:277 : 911 call placed: animal_emergency at 147 Birch Way - Bear wandering through downtown!
[2025-08-25 21:59:46.642] INFO  -- messaging.rb:60 : [SmartMessage] Published: Messages::Emergency911Message via RedisTransport
[2025-08-25 21:59:46.642] INFO  -- citizen.rb:277 : 911 call placed: infrastructure_emergency at 456 Oak Avenue - Street lights out in entire district!
[2025-08-25 21:59:48.116] INFO  -- messaging.rb:60 : [SmartMessage] Published: Messages::Emergency911Message via RedisTransport
[2025-08-25 21:59:48.116] INFO  -- citizen.rb:277 : 911 call placed: environmental_emergency at 147 Birch Way - Illegal chemical dumping discovered!
[2025-08-25 21:59:58.650] INFO  -- messaging.rb:60 : [SmartMessage] Published: Messages::Emergency911Message via RedisTransport
[2025-08-25 21:59:58.650] INFO  -- citizen.rb:277 : 911 call placed: medical at 456 Oak Avenue - Elderly person fell down stairs, bleeding heavily
[2025-08-25 22:00:00.532] INFO  -- messaging.rb:60 : [SmartMessage] Published: Messages::Emergency911Message via RedisTransport
[2025-08-25 22:00:00.532] INFO  -- citizen.rb:277 : 911 call placed: environmental_emergency at 654 Maple Road - Hazardous air quality alert - smoke from unknown source!
[2025-08-25 22:00:01.234] INFO  -- messaging.rb:60 : [SmartMessage] Published: Messages::Emergency911Message via RedisTransport
[2025-08-25 22:00:01.235] INFO  -- citizen.rb:277 : 911 call placed: water_emergency at 654 Maple Road - Major water main break! Entire street is flooded!
[2025-08-25 22:00:03.275] INFO  -- messaging.rb:60 : [SmartMessage] Published: Messages::Emergency911Message via RedisTransport
[2025-08-25 22:00:03.275] INFO  -- citizen.rb:277 : 911 call placed: sanitation_emergency at 987 Cedar Court - Garbage piling up for weeks, health hazard!
[2025-08-25 22:00:07.118] INFO  -- messaging.rb:60 : [SmartMessage] Published: Messages::Emergency911Message via RedisTransport
[2025-08-25 22:00:07.118] INFO  -- citizen.rb:277 : 911 call placed: animal_emergency at 654 Maple Road - Bear wandering through downtown!
[2025-08-25 22:00:11.239] INFO  -- messaging.rb:60 : [SmartMessage] Published: Messages::Emergency911Message via RedisTransport
[2025-08-25 22:00:11.239] INFO  -- citizen.rb:277 : 911 call placed: other at 321 Elm Drive - Suspicious person looking into car windows
[2025-08-25 22:00:13.279] INFO  -- messaging.rb:60 : [SmartMessage] Published: Messages::Emergency911Message via RedisTransport
[2025-08-25 22:00:13.279] INFO  -- citizen.rb:277 : 911 call placed: other at 987 Cedar Court - Power lines down across the road
[2025-08-25 22:00:16.655] INFO  -- messaging.rb:60 : [SmartMessage] Published: Messages::Emergency911Message via RedisTransport
[2025-08-25 22:00:16.655] INFO  -- citizen.rb:277 : 911 call placed: transportation_emergency at 123 Main Street - Subway tunnel flooded, passengers trapped!
[2025-08-25 22:00:17.542] INFO  -- messaging.rb:60 : [SmartMessage] Published: Messages::Emergency911Message via RedisTransport
[2025-08-25 22:00:17.542] INFO  -- citizen.rb:277 : 911 call placed: transportation_emergency at 987 Cedar Court - Bus crashed into building downtown!
[2025-08-25 22:00:21.247] INFO  -- messaging.rb:60 : [SmartMessage] Published: Messages::Emergency911Message via RedisTransport
[2025-08-25 22:00:21.247] INFO  -- citizen.rb:277 : 911 call placed: transportation_emergency at 258 Spruce Boulevard - Subway tunnel flooded, passengers trapped!
[2025-08-25 22:00:24.125] INFO  -- messaging.rb:60 : [SmartMessage] Published: Messages::Emergency911Message via RedisTransport
[2025-08-25 22:00:24.125] INFO  -- citizen.rb:277 : 911 call placed: water_emergency at 147 Birch Way - Major water main break! Entire street is flooded!
[2025-08-25 22:00:28.549] INFO  -- messaging.rb:60 : [SmartMessage] Published: Messages::Emergency911Message via RedisTransport
[2025-08-25 22:00:28.549] INFO  -- citizen.rb:277 : 911 call placed: infrastructure_emergency at 258 Spruce Boulevard - Massive sinkhole opened up on Main Street!
[2025-08-25 22:00:32.287] INFO  -- messaging.rb:60 : [SmartMessage] Published: Messages::Emergency911Message via RedisTransport
[2025-08-25 22:00:32.287] INFO  -- citizen.rb:277 : 911 call placed: sanitation_emergency at 258 Spruce Boulevard - Biohazard waste dumped in residential area!
[2025-08-25 22:00:33.662] INFO  -- messaging.rb:60 : [SmartMessage] Published: Messages::Emergency911Message via RedisTransport
[2025-08-25 22:00:33.663] INFO  -- citizen.rb:277 : 911 call placed: animal_emergency at 456 Oak Avenue - Rabid raccoon attacking people!
[2025-08-25 22:00:36.254] INFO  -- messaging.rb:60 : [SmartMessage] Published: Messages::Emergency911Message via RedisTransport
[2025-08-25 22:00:36.254] INFO  -- citizen.rb:277 : 911 call placed: environmental_emergency at 987 Cedar Court - Illegal chemical dumping discovered!
[2025-08-25 22:00:42.563] INFO  -- messaging.rb:60 : [SmartMessage] Published: Messages::Emergency911Message via RedisTransport
[2025-08-25 22:00:42.563] INFO  -- citizen.rb:277 : 911 call placed: accident at 456 Oak Avenue - Multi-car pileup on the highway! At least 5 cars!
[2025-08-25 22:00:44.131] INFO  -- messaging.rb:60 : [SmartMessage] Published: Messages::Emergency911Message via RedisTransport
[2025-08-25 22:00:44.131] INFO  -- citizen.rb:277 : 911 call placed: animal_emergency at 987 Cedar Court - Bear wandering through downtown!
[2025-08-25 22:00:46.259] INFO  -- messaging.rb:60 : [SmartMessage] Published: Messages::Emergency911Message via RedisTransport
[2025-08-25 22:00:46.260] INFO  -- citizen.rb:277 : 911 call placed: accident at 258 Spruce Boulevard - Multi-car pileup on the highway! At least 5 cars!
[2025-08-25 22:00:47.289] INFO  -- messaging.rb:60 : [SmartMessage] Published: Messages::Emergency911Message via RedisTransport
[2025-08-25 22:00:47.289] INFO  -- citizen.rb:277 : 911 call placed: infrastructure_emergency at 987 Cedar Court - Bridge showing signs of collapse!
[2025-08-25 22:00:52.673] INFO  -- messaging.rb:60 : [SmartMessage] Published: Messages::Emergency911Message via RedisTransport
[2025-08-25 22:00:52.673] INFO  -- citizen.rb:277 : 911 call placed: environmental_emergency at 123 Main Street - Hazardous air quality alert - smoke from unknown source!
[2025-08-25 22:00:54.139] INFO  -- messaging.rb:60 : [SmartMessage] Published: Messages::Emergency911Message via RedisTransport
[2025-08-25 22:00:54.139] INFO  -- citizen.rb:277 : 911 call placed: water_emergency at 123 Main Street - No water pressure in entire neighborhood!
[2025-08-25 22:00:59.570] INFO  -- messaging.rb:60 : [SmartMessage] Published: Messages::Emergency911Message via RedisTransport
[2025-08-25 22:00:59.570] INFO  -- citizen.rb:277 : 911 call placed: water_emergency at 654 Maple Road - Sewage backup in multiple homes!
[2025-08-25 22:01:01.297] INFO  -- messaging.rb:60 : [SmartMessage] Published: Messages::Emergency911Message via RedisTransport
[2025-08-25 22:01:01.302] INFO  -- citizen.rb:277 : 911 call placed: accident at 147 Birch Way - Two car collision at the intersection
[2025-08-25 22:01:02.266] INFO  -- messaging.rb:60 : [SmartMessage] Published: Messages::Emergency911Message via RedisTransport
[2025-08-25 22:01:02.266] INFO  -- citizen.rb:277 : 911 call placed: water_emergency at 321 Elm Drive - No water pressure in entire neighborhood!
[2025-08-25 22:01:03.681] INFO  -- messaging.rb:60 : [SmartMessage] Published: Messages::Emergency911Message via RedisTransport
[2025-08-25 22:01:03.681] INFO  -- citizen.rb:277 : 911 call placed: water_emergency at 654 Maple Road - No water pressure in entire neighborhood!
[2025-08-25 22:01:11.148] INFO  -- messaging.rb:60 : [SmartMessage] Published: Messages::Emergency911Message via RedisTransport
[2025-08-25 22:01:11.148] INFO  -- citizen.rb:277 : 911 call placed: crime at 321 Elm Drive - Break-in in progress! I can see them in my neighbor's house!
[2025-08-25 22:01:11.577] INFO  -- messaging.rb:60 : [SmartMessage] Published: Messages::Emergency911Message via RedisTransport
[2025-08-25 22:01:11.578] INFO  -- citizen.rb:277 : 911 call placed: transportation_emergency at 123 Main Street - Bus crashed into building downtown!
[2025-08-25 22:01:15.308] INFO  -- messaging.rb:60 : [SmartMessage] Published: Messages::Emergency911Message via RedisTransport
[2025-08-25 22:01:15.308] INFO  -- citizen.rb:277 : 911 call placed: water_emergency at 321 Elm Drive - Major water main break! Entire street is flooded!
[2025-08-25 22:01:16.686] INFO  -- messaging.rb:60 : [SmartMessage] Published: Messages::Emergency911Message via RedisTransport
[2025-08-25 22:01:16.687] INFO  -- citizen.rb:277 : 911 call placed: water_emergency at 789 Pine Lane - Sewage backup in multiple homes!
[2025-08-25 22:01:22.272] INFO  -- messaging.rb:60 : [SmartMessage] Published: Messages::Emergency911Message via RedisTransport
[2025-08-25 22:01:22.272] INFO  -- citizen.rb:277 : 911 call placed: crime at 321 Elm Drive - Armed robbery at the corner store!
[2025-08-25 22:01:26.691] INFO  -- messaging.rb:60 : [SmartMessage] Published: Messages::Emergency911Message via RedisTransport
[2025-08-25 22:01:26.692] INFO  -- citizen.rb:277 : 911 call placed: water_emergency at 123 Main Street - Sewage backup in multiple homes!
[2025-08-25 22:01:28.319] INFO  -- messaging.rb:60 : [SmartMessage] Published: Messages::Emergency911Message via RedisTransport
[2025-08-25 22:01:28.319] INFO  -- citizen.rb:277 : 911 call placed: transportation_emergency at 321 Elm Drive - Subway tunnel flooded, passengers trapped!
[2025-08-25 22:01:30.586] ERROR -- messaging.rb:65 : [SmartMessage] Error in message publishing: SmartMessage::Errors::ValidationError - Messages::Emergency911Message#emergency_type: Emergency type must be: fire, medical, crime, accident, hazmat, rescue, water_emergency, animal_emergency, infrastructure_emergency, transportation_emergency, environmental_emergency, parks_emergency, sanitation_emergency, other
[2025-08-25 22:01:30.586] ERROR -- citizen.rb:282 : Error making 911 call: Messages::Emergency911Message#emergency_type: Emergency type must be: fire, medical, crime, accident, hazmat, rescue, water_emergency, animal_emergency, infrastructure_emergency, transportation_emergency, environmental_emergency, parks_emergency, sanitation_emergency, other
[2025-08-25 22:01:31.154] INFO  -- messaging.rb:60 : [SmartMessage] Published: Messages::Emergency911Message via RedisTransport
[2025-08-25 22:01:31.154] INFO  -- citizen.rb:277 : 911 call placed: animal_emergency at 258 Spruce Boulevard - Pack of aggressive stray dogs in schoolyard!
[2025-08-25 22:01:33.279] INFO  -- messaging.rb:60 : [SmartMessage] Published: Messages::Emergency911Message via RedisTransport
[2025-08-25 22:01:33.279] INFO  -- citizen.rb:277 : 911 call placed: environmental_emergency at 321 Elm Drive - Toxic waste spill near river!
[2025-08-25 22:01:38.699] INFO  -- messaging.rb:60 : [SmartMessage] Published: Messages::Emergency911Message via RedisTransport
[2025-08-25 22:01:38.699] INFO  -- citizen.rb:277 : 911 call placed: accident at 123 Main Street - Two car collision at the intersection
[2025-08-25 22:01:42.620] INFO  -- messaging.rb:60 : [SmartMessage] Published: Messages::Emergency911Message via RedisTransport
[2025-08-25 22:01:42.620] INFO  -- citizen.rb:277 : 911 call placed: other at 789 Pine Lane - Playground equipment broken, children could get hurt
