# Logfile created on 2025-08-24 16:13:11 -0500 by logger.rb/v1.7.0
[2025-08-24 16:13:11.946] INFO  -- health_department.rb:55 : Health Department started monitoring city services
[2025-08-24 16:13:11.948] INFO  -- health_department.rb:88 : Broadcasting health check #1
[2025-08-24 16:13:11.965] INFO  -- messaging.rb:60 : [SmartMessage] Published: Messages::HealthCheckMessage via RedisTransport
[2025-08-24 16:13:11.991] INFO  -- base.rb:168 : [SmartMessage] Received: Messages::HealthStatusMessage (397 bytes)
[2025-08-24 16:13:11.991] INFO  -- base.rb:168 : [SmartMessage] Received: Messages::HealthStatusMessage (407 bytes)
[2025-08-24 16:13:11.992] INFO  -- health_department.rb:47 : Received health status: police_department = healthy (All units operational, 0 active incidents)
[2025-08-24 16:13:11.992] INFO  -- health_department.rb:47 : Received health status: first-national-bank = healthy (All systems operational, security level: normal)
[2025-08-24 16:13:11.992] INFO  -- base.rb:168 : [SmartMessage] Received: Messages::HealthStatusMessage (389 bytes)
[2025-08-24 16:13:11.992] INFO  -- health_department.rb:47 : Received health status: fire_department = healthy (All engines available, 0 active fires)
[2025-08-24 16:13:16.973] INFO  -- health_department.rb:88 : Broadcasting health check #2
[2025-08-24 16:13:16.974] INFO  -- messaging.rb:60 : [SmartMessage] Published: Messages::HealthCheckMessage via RedisTransport
[2025-08-24 16:13:16.978] INFO  -- base.rb:168 : [SmartMessage] Received: Messages::HealthStatusMessage (407 bytes)
[2025-08-24 16:13:16.980] INFO  -- base.rb:168 : [SmartMessage] Received: Messages::HealthStatusMessage (389 bytes)
[2025-08-24 16:13:16.980] INFO  -- health_department.rb:47 : Received health status: first-national-bank = healthy (All systems operational, security level: normal)
[2025-08-24 16:13:16.981] INFO  -- health_department.rb:47 : Received health status: fire_department = healthy (All engines available, 0 active fires)
[2025-08-24 16:13:16.980] INFO  -- base.rb:168 : [SmartMessage] Received: Messages::HealthStatusMessage (397 bytes)
[2025-08-24 16:13:16.981] INFO  -- health_department.rb:47 : Received health status: police_department = healthy (All units operational, 0 active incidents)
[2025-08-24 16:13:16.987] INFO  -- base.rb:168 : [SmartMessage] Received: Messages::HealthStatusMessage (374 bytes)
[2025-08-24 16:13:16.987] INFO  -- base.rb:168 : [SmartMessage] Received: Messages::HealthStatusMessage (559 bytes)
[2025-08-24 16:13:16.987] INFO  -- health_department.rb:47 : Received health status: emergency-dispatch-center = healthy ()
[2025-08-24 16:13:16.988] INFO  -- health_department.rb:47 : Received health status: city_council = healthy ({"uptime" => 4.567688, "departments_count" => 3, "departments" => ["fire_department", "health_department", "police_department"], "department_processes" => 0, "ready" => true})
[2025-08-24 16:13:17.007] INFO  -- base.rb:168 : [SmartMessage] Received: Messages::HealthStatusMessage (396 bytes)
[2025-08-24 16:13:17.010] INFO  -- base.rb:168 : [SmartMessage] Received: Messages::HealthStatusMessage (398 bytes)
[2025-08-24 16:13:17.010] INFO  -- health_department.rb:47 : Received health status: house-789-pine-lane = healthy (All systems normal, 1 occupants safe)
[2025-08-24 16:13:17.010] INFO  -- health_department.rb:47 : Received health status: house-456-oak-street = healthy (All systems normal, 2 occupants safe)
[2025-08-24 16:13:21.980] INFO  -- health_department.rb:88 : Broadcasting health check #3
[2025-08-24 16:13:21.983] INFO  -- messaging.rb:60 : [SmartMessage] Published: Messages::HealthCheckMessage via RedisTransport
[2025-08-24 16:13:21.987] INFO  -- base.rb:168 : [SmartMessage] Received: Messages::HealthStatusMessage (374 bytes)
[2025-08-24 16:13:21.988] INFO  -- base.rb:168 : [SmartMessage] Received: Messages::HealthStatusMessage (559 bytes)
[2025-08-24 16:13:21.989] INFO  -- base.rb:168 : [SmartMessage] Received: Messages::HealthStatusMessage (397 bytes)
[2025-08-24 16:13:21.989] INFO  -- base.rb:168 : [SmartMessage] Received: Messages::HealthStatusMessage (407 bytes)
[2025-08-24 16:13:21.991] INFO  -- base.rb:168 : [SmartMessage] Received: Messages::HealthStatusMessage (389 bytes)
[2025-08-24 16:13:21.991] INFO  -- health_department.rb:47 : Received health status: first-national-bank = healthy (All systems operational, security level: normal)
[2025-08-24 16:13:21.992] INFO  -- health_department.rb:47 : Received health status: fire_department = healthy (All engines available, 0 active fires)
[2025-08-24 16:13:21.988] INFO  -- health_department.rb:47 : Received health status: emergency-dispatch-center = healthy ()
[2025-08-24 16:13:21.990] INFO  -- health_department.rb:47 : Received health status: city_council = healthy ({"uptime" => 9.568126, "departments_count" => 3, "departments" => ["fire_department", "health_department", "police_department"], "department_processes" => 0, "ready" => true})
[2025-08-24 16:13:21.992] INFO  -- base.rb:168 : [SmartMessage] Received: Messages::HealthStatusMessage (398 bytes)
[2025-08-24 16:13:21.992] INFO  -- base.rb:168 : [SmartMessage] Received: Messages::HealthStatusMessage (396 bytes)
[2025-08-24 16:13:21.993] INFO  -- health_department.rb:47 : Received health status: house-456-oak-street = healthy (All systems normal, 2 occupants safe)
[2025-08-24 16:13:21.993] INFO  -- health_department.rb:47 : Received health status: house-789-pine-lane = healthy (All systems normal, 1 occupants safe)
[2025-08-24 16:13:21.991] INFO  -- health_department.rb:47 : Received health status: police_department = healthy (All units operational, 0 active incidents)
[2025-08-24 16:13:26.990] INFO  -- health_department.rb:88 : Broadcasting health check #4
[2025-08-24 16:13:26.991] INFO  -- messaging.rb:60 : [SmartMessage] Published: Messages::HealthCheckMessage via RedisTransport
[2025-08-24 16:13:26.994] INFO  -- base.rb:168 : [SmartMessage] Received: Messages::HealthStatusMessage (407 bytes)
[2025-08-24 16:13:26.995] INFO  -- base.rb:168 : [SmartMessage] Received: Messages::HealthStatusMessage (560 bytes)
[2025-08-24 16:13:26.995] INFO  -- base.rb:168 : [SmartMessage] Received: Messages::HealthStatusMessage (397 bytes)
[2025-08-24 16:13:26.996] INFO  -- health_department.rb:47 : Received health status: city_council = healthy ({"uptime" => 14.575385, "departments_count" => 3, "departments" => ["fire_department", "health_department", "police_department"], "department_processes" => 0, "ready" => true})
[2025-08-24 16:13:26.996] INFO  -- health_department.rb:47 : Received health status: police_department = healthy (All units operational, 0 active incidents)
[2025-08-24 16:13:26.996] INFO  -- base.rb:168 : [SmartMessage] Received: Messages::HealthStatusMessage (389 bytes)
[2025-08-24 16:13:26.995] INFO  -- health_department.rb:47 : Received health status: first-national-bank = healthy (All systems operational, security level: normal)
[2025-08-24 16:13:26.997] INFO  -- health_department.rb:47 : Received health status: fire_department = healthy (All engines available, 0 active fires)
[2025-08-24 16:13:27.000] INFO  -- base.rb:168 : [SmartMessage] Received: Messages::HealthStatusMessage (396 bytes)
[2025-08-24 16:13:27.000] INFO  -- base.rb:168 : [SmartMessage] Received: Messages::HealthStatusMessage (398 bytes)
[2025-08-24 16:13:27.000] INFO  -- base.rb:168 : [SmartMessage] Received: Messages::HealthStatusMessage (374 bytes)
[2025-08-24 16:13:27.001] INFO  -- health_department.rb:47 : Received health status: house-456-oak-street = healthy (All systems normal, 2 occupants safe)
[2025-08-24 16:13:27.001] INFO  -- health_department.rb:47 : Received health status: emergency-dispatch-center = healthy ()
[2025-08-24 16:13:27.000] INFO  -- health_department.rb:47 : Received health status: house-789-pine-lane = healthy (All systems normal, 1 occupants safe)
[2025-08-24 16:13:31.999] INFO  -- health_department.rb:88 : Broadcasting health check #5
[2025-08-24 16:13:32.001] INFO  -- messaging.rb:60 : [SmartMessage] Published: Messages::HealthCheckMessage via RedisTransport
[2025-08-24 16:13:32.007] INFO  -- base.rb:168 : [SmartMessage] Received: Messages::HealthStatusMessage (407 bytes)
[2025-08-24 16:13:32.008] INFO  -- base.rb:168 : [SmartMessage] Received: Messages::HealthStatusMessage (374 bytes)
[2025-08-24 16:13:32.009] INFO  -- health_department.rb:47 : Received health status: first-national-bank = healthy (All systems operational, security level: normal)
[2025-08-24 16:13:32.009] INFO  -- health_department.rb:47 : Received health status: emergency-dispatch-center = healthy ()
[2025-08-24 16:13:32.009] INFO  -- base.rb:168 : [SmartMessage] Received: Messages::HealthStatusMessage (396 bytes)
[2025-08-24 16:13:32.010] INFO  -- base.rb:168 : [SmartMessage] Received: Messages::HealthStatusMessage (389 bytes)
[2025-08-24 16:13:32.011] INFO  -- base.rb:168 : [SmartMessage] Received: Messages::HealthStatusMessage (397 bytes)
[2025-08-24 16:13:32.011] INFO  -- base.rb:168 : [SmartMessage] Received: Messages::HealthStatusMessage (398 bytes)
[2025-08-24 16:13:32.012] INFO  -- health_department.rb:47 : Received health status: police_department = healthy (All units operational, 0 active incidents)
[2025-08-24 16:13:32.012] INFO  -- health_department.rb:47 : Received health status: house-456-oak-street = healthy (All systems normal, 2 occupants safe)
[2025-08-24 16:13:32.011] INFO  -- health_department.rb:47 : Received health status: fire_department = healthy (All engines available, 0 active fires)
[2025-08-24 16:13:32.010] INFO  -- health_department.rb:47 : Received health status: house-789-pine-lane = healthy (All systems normal, 1 occupants safe)
[2025-08-24 16:13:37.006] INFO  -- health_department.rb:88 : Broadcasting health check #6
[2025-08-24 16:13:37.008] INFO  -- messaging.rb:60 : [SmartMessage] Published: Messages::HealthCheckMessage via RedisTransport
[2025-08-24 16:13:37.012] INFO  -- base.rb:168 : [SmartMessage] Received: Messages::HealthStatusMessage (407 bytes)
[2025-08-24 16:13:37.013] INFO  -- base.rb:168 : [SmartMessage] Received: Messages::HealthStatusMessage (374 bytes)
[2025-08-24 16:13:37.014] INFO  -- base.rb:168 : [SmartMessage] Received: Messages::HealthStatusMessage (396 bytes)
[2025-08-24 16:13:37.015] INFO  -- health_department.rb:47 : Received health status: emergency-dispatch-center = healthy ()
[2025-08-24 16:13:37.015] INFO  -- health_department.rb:47 : Received health status: house-789-pine-lane = healthy (All systems normal, 1 occupants safe)
[2025-08-24 16:13:37.015] INFO  -- base.rb:168 : [SmartMessage] Received: Messages::HealthStatusMessage (397 bytes)
[2025-08-24 16:13:37.016] INFO  -- base.rb:168 : [SmartMessage] Received: Messages::HealthStatusMessage (398 bytes)
[2025-08-24 16:13:37.016] INFO  -- base.rb:168 : [SmartMessage] Received: Messages::HealthStatusMessage (389 bytes)
[2025-08-24 16:13:37.017] INFO  -- health_department.rb:47 : Received health status: house-456-oak-street = healthy (All systems normal, 2 occupants safe)
[2025-08-24 16:13:37.017] INFO  -- health_department.rb:47 : Received health status: fire_department = healthy (All engines available, 0 active fires)
[2025-08-24 16:13:37.016] INFO  -- health_department.rb:47 : Received health status: police_department = healthy (All units operational, 0 active incidents)
[2025-08-24 16:13:37.014] INFO  -- health_department.rb:47 : Received health status: first-national-bank = healthy (All systems operational, security level: normal)
[2025-08-24 16:13:42.014] INFO  -- health_department.rb:88 : Broadcasting health check #7
[2025-08-24 16:13:42.014] INFO  -- messaging.rb:60 : [SmartMessage] Published: Messages::HealthCheckMessage via RedisTransport
[2025-08-24 16:13:42.016] INFO  -- base.rb:168 : [SmartMessage] Received: Messages::HealthStatusMessage (397 bytes)
[2025-08-24 16:13:42.016] INFO  -- base.rb:168 : [SmartMessage] Received: Messages::HealthStatusMessage (389 bytes)
[2025-08-24 16:13:42.017] INFO  -- base.rb:168 : [SmartMessage] Received: Messages::HealthStatusMessage (374 bytes)
[2025-08-24 16:13:42.017] INFO  -- base.rb:168 : [SmartMessage] Received: Messages::HealthStatusMessage (407 bytes)
[2025-08-24 16:13:42.018] INFO  -- base.rb:168 : [SmartMessage] Received: Messages::HealthStatusMessage (396 bytes)
[2025-08-24 16:13:42.018] INFO  -- base.rb:168 : [SmartMessage] Received: Messages::HealthStatusMessage (398 bytes)
[2025-08-24 16:13:42.019] INFO  -- health_department.rb:47 : Received health status: house-789-pine-lane = healthy (All systems normal, 1 occupants safe)
[2025-08-24 16:13:42.019] INFO  -- health_department.rb:47 : Received health status: house-456-oak-street = healthy (All systems normal, 2 occupants safe)
[2025-08-24 16:13:42.018] INFO  -- health_department.rb:47 : Received health status: first-national-bank = healthy (All systems operational, security level: normal)
[2025-08-24 16:13:42.017] INFO  -- health_department.rb:47 : Received health status: police_department = healthy (All units operational, 0 active incidents)
[2025-08-24 16:13:42.018] INFO  -- health_department.rb:47 : Received health status: emergency-dispatch-center = healthy ()
[2025-08-24 16:13:42.018] INFO  -- health_department.rb:47 : Received health status: fire_department = healthy (All engines available, 0 active fires)
[2025-08-24 16:13:47.021] INFO  -- health_department.rb:88 : Broadcasting health check #8
[2025-08-24 16:13:47.022] INFO  -- messaging.rb:60 : [SmartMessage] Published: Messages::HealthCheckMessage via RedisTransport
[2025-08-24 16:13:47.026] INFO  -- base.rb:168 : [SmartMessage] Received: Messages::HealthStatusMessage (407 bytes)
[2025-08-24 16:13:47.026] INFO  -- base.rb:168 : [SmartMessage] Received: Messages::HealthStatusMessage (396 bytes)
[2025-08-24 16:13:47.027] INFO  -- health_department.rb:47 : Received health status: first-national-bank = healthy (All systems operational, security level: normal)
[2025-08-24 16:13:47.027] INFO  -- health_department.rb:47 : Received health status: house-789-pine-lane = healthy (All systems normal, 1 occupants safe)
[2025-08-24 16:13:47.028] INFO  -- base.rb:168 : [SmartMessage] Received: Messages::HealthStatusMessage (389 bytes)
[2025-08-24 16:13:47.028] INFO  -- base.rb:168 : [SmartMessage] Received: Messages::HealthStatusMessage (398 bytes)
[2025-08-24 16:13:47.029] INFO  -- base.rb:168 : [SmartMessage] Received: Messages::HealthStatusMessage (397 bytes)
[2025-08-24 16:13:47.030] INFO  -- health_department.rb:47 : Received health status: house-456-oak-street = healthy (All systems normal, 2 occupants safe)
[2025-08-24 16:13:47.030] INFO  -- health_department.rb:47 : Received health status: police_department = healthy (All units operational, 0 active incidents)
[2025-08-24 16:13:47.030] INFO  -- base.rb:168 : [SmartMessage] Received: Messages::HealthStatusMessage (374 bytes)
[2025-08-24 16:13:47.029] INFO  -- health_department.rb:47 : Received health status: fire_department = healthy (All engines available, 0 active fires)
[2025-08-24 16:13:47.031] INFO  -- health_department.rb:47 : Received health status: emergency-dispatch-center = healthy ()
[2025-08-24 16:13:52.026] INFO  -- health_department.rb:88 : Broadcasting health check #9
[2025-08-24 16:13:52.028] INFO  -- messaging.rb:60 : [SmartMessage] Published: Messages::HealthCheckMessage via RedisTransport
[2025-08-24 16:13:52.033] INFO  -- base.rb:168 : [SmartMessage] Received: Messages::HealthStatusMessage (396 bytes)
[2025-08-24 16:13:52.033] INFO  -- base.rb:168 : [SmartMessage] Received: Messages::HealthStatusMessage (397 bytes)
[2025-08-24 16:13:52.034] INFO  -- health_department.rb:47 : Received health status: house-789-pine-lane = healthy (All systems normal, 1 occupants safe)
[2025-08-24 16:13:52.034] INFO  -- health_department.rb:47 : Received health status: police_department = healthy (All units operational, 0 active incidents)
[2025-08-24 16:13:52.034] INFO  -- base.rb:168 : [SmartMessage] Received: Messages::HealthStatusMessage (407 bytes)
[2025-08-24 16:13:52.035] INFO  -- base.rb:168 : [SmartMessage] Received: Messages::HealthStatusMessage (389 bytes)
[2025-08-24 16:13:52.036] INFO  -- base.rb:168 : [SmartMessage] Received: Messages::HealthStatusMessage (398 bytes)
[2025-08-24 16:13:52.040] INFO  -- health_department.rb:47 : Received health status: fire_department = healthy (All engines available, 0 active fires)
[2025-08-24 16:13:52.040] INFO  -- health_department.rb:47 : Received health status: house-456-oak-street = healthy (All systems normal, 2 occupants safe)
[2025-08-24 16:13:52.040] INFO  -- base.rb:168 : [SmartMessage] Received: Messages::HealthStatusMessage (374 bytes)
[2025-08-24 16:13:52.036] INFO  -- health_department.rb:47 : Received health status: first-national-bank = healthy (All systems operational, security level: normal)
[2025-08-24 16:13:52.041] INFO  -- health_department.rb:47 : Received health status: emergency-dispatch-center = healthy ()
[2025-08-24 16:13:57.035] INFO  -- health_department.rb:88 : Broadcasting health check #10
[2025-08-24 16:13:57.036] INFO  -- messaging.rb:60 : [SmartMessage] Published: Messages::HealthCheckMessage via RedisTransport
[2025-08-24 16:13:57.041] INFO  -- base.rb:168 : [SmartMessage] Received: Messages::HealthStatusMessage (408 bytes)
[2025-08-24 16:13:57.042] INFO  -- base.rb:168 : [SmartMessage] Received: Messages::HealthStatusMessage (397 bytes)
[2025-08-24 16:13:57.043] INFO  -- base.rb:168 : [SmartMessage] Received: Messages::HealthStatusMessage (390 bytes)
[2025-08-24 16:13:57.044] INFO  -- base.rb:168 : [SmartMessage] Received: Messages::HealthStatusMessage (398 bytes)
[2025-08-24 16:13:57.045] INFO  -- health_department.rb:47 : Received health status: fire_department = healthy (All engines available, 0 active fires)
[2025-08-24 16:13:57.045] INFO  -- health_department.rb:47 : Received health status: police_department = healthy (All units operational, 0 active incidents)
[2025-08-24 16:13:57.044] INFO  -- health_department.rb:47 : Received health status: house-789-pine-lane = healthy (All systems normal, 1 occupants safe)
[2025-08-24 16:13:57.045] INFO  -- base.rb:168 : [SmartMessage] Received: Messages::HealthStatusMessage (399 bytes)
[2025-08-24 16:13:57.043] INFO  -- health_department.rb:47 : Received health status: first-national-bank = healthy (All systems operational, security level: normal)
[2025-08-24 16:13:57.046] INFO  -- health_department.rb:47 : Received health status: house-456-oak-street = healthy (All systems normal, 2 occupants safe)
[2025-08-24 16:13:57.051] INFO  -- base.rb:168 : [SmartMessage] Received: Messages::HealthStatusMessage (375 bytes)
[2025-08-24 16:13:57.052] INFO  -- health_department.rb:47 : Received health status: emergency-dispatch-center = healthy ()
[2025-08-24 16:14:02.041] INFO  -- health_department.rb:88 : Broadcasting health check #11
[2025-08-24 16:14:02.044] INFO  -- messaging.rb:60 : [SmartMessage] Published: Messages::HealthCheckMessage via RedisTransport
[2025-08-24 16:14:02.047] INFO  -- base.rb:168 : [SmartMessage] Received: Messages::HealthStatusMessage (408 bytes)
[2025-08-24 16:14:02.048] INFO  -- base.rb:168 : [SmartMessage] Received: Messages::HealthStatusMessage (375 bytes)
[2025-08-24 16:14:02.049] INFO  -- base.rb:168 : [SmartMessage] Received: Messages::HealthStatusMessage (398 bytes)
[2025-08-24 16:14:02.050] INFO  -- base.rb:168 : [SmartMessage] Received: Messages::HealthStatusMessage (390 bytes)
[2025-08-24 16:14:02.051] INFO  -- base.rb:168 : [SmartMessage] Received: Messages::HealthStatusMessage (399 bytes)
[2025-08-24 16:14:02.051] INFO  -- base.rb:168 : [SmartMessage] Received: Messages::HealthStatusMessage (397 bytes)
[2025-08-24 16:14:02.052] INFO  -- health_department.rb:47 : Received health status: house-456-oak-street = healthy (All systems normal, 2 occupants safe)
[2025-08-24 16:14:02.052] INFO  -- health_department.rb:47 : Received health status: house-789-pine-lane = healthy (All systems normal, 1 occupants safe)
[2025-08-24 16:14:02.051] INFO  -- health_department.rb:47 : Received health status: fire_department = healthy (All engines available, 0 active fires)
[2025-08-24 16:14:02.050] INFO  -- health_department.rb:47 : Received health status: emergency-dispatch-center = healthy ()
[2025-08-24 16:14:02.051] INFO  -- health_department.rb:47 : Received health status: police_department = healthy (All units operational, 0 active incidents)
[2025-08-24 16:14:02.048] INFO  -- health_department.rb:47 : Received health status: first-national-bank = healthy (All systems operational, security level: normal)
[2025-08-24 16:14:07.051] INFO  -- health_department.rb:88 : Broadcasting health check #12
[2025-08-24 16:14:07.052] INFO  -- messaging.rb:60 : [SmartMessage] Published: Messages::HealthCheckMessage via RedisTransport
[2025-08-24 16:14:07.054] INFO  -- base.rb:168 : [SmartMessage] Received: Messages::HealthStatusMessage (397 bytes)
[2025-08-24 16:14:07.054] INFO  -- base.rb:168 : [SmartMessage] Received: Messages::HealthStatusMessage (408 bytes)
[2025-08-24 16:14:07.055] INFO  -- health_department.rb:47 : Received health status: house-789-pine-lane = healthy (All systems normal, 1 occupants safe)
[2025-08-24 16:14:07.055] INFO  -- health_department.rb:47 : Received health status: first-national-bank = healthy (All systems operational, security level: normal)
[2025-08-24 16:14:07.055] INFO  -- base.rb:168 : [SmartMessage] Received: Messages::HealthStatusMessage (398 bytes)
[2025-08-24 16:14:07.056] INFO  -- base.rb:168 : [SmartMessage] Received: Messages::HealthStatusMessage (375 bytes)
[2025-08-24 16:14:07.056] INFO  -- base.rb:168 : [SmartMessage] Received: Messages::HealthStatusMessage (399 bytes)
[2025-08-24 16:14:07.056] INFO  -- base.rb:168 : [SmartMessage] Received: Messages::HealthStatusMessage (390 bytes)
[2025-08-24 16:14:07.057] INFO  -- health_department.rb:47 : Received health status: house-456-oak-street = healthy (All systems normal, 2 occupants safe)
[2025-08-24 16:14:07.057] INFO  -- health_department.rb:47 : Received health status: fire_department = healthy (All engines available, 0 active fires)
[2025-08-24 16:14:07.057] INFO  -- health_department.rb:47 : Received health status: emergency-dispatch-center = healthy ()
[2025-08-24 16:14:07.056] INFO  -- health_department.rb:47 : Received health status: police_department = healthy (All units operational, 0 active incidents)
[2025-08-24 16:14:12.057] INFO  -- health_department.rb:88 : Broadcasting health check #13
[2025-08-24 16:14:12.058] INFO  -- messaging.rb:60 : [SmartMessage] Published: Messages::HealthCheckMessage via RedisTransport
[2025-08-24 16:14:12.059] INFO  -- base.rb:168 : [SmartMessage] Received: Messages::HealthStatusMessage (399 bytes)
[2025-08-24 16:14:12.060] INFO  -- base.rb:168 : [SmartMessage] Received: Messages::HealthStatusMessage (375 bytes)
[2025-08-24 16:14:12.060] INFO  -- base.rb:168 : [SmartMessage] Received: Messages::HealthStatusMessage (408 bytes)
[2025-08-24 16:14:12.060] INFO  -- base.rb:168 : [SmartMessage] Received: Messages::HealthStatusMessage (397 bytes)
[2025-08-24 16:14:12.061] INFO  -- base.rb:168 : [SmartMessage] Received: Messages::HealthStatusMessage (398 bytes)
[2025-08-24 16:14:12.061] INFO  -- health_department.rb:47 : Received health status: house-789-pine-lane = healthy (All systems normal, 1 occupants safe)
[2025-08-24 16:14:12.061] INFO  -- health_department.rb:47 : Received health status: police_department = healthy (All units operational, 0 active incidents)
[2025-08-24 16:14:12.060] INFO  -- health_department.rb:47 : Received health status: emergency-dispatch-center = healthy ()
[2025-08-24 16:14:12.060] INFO  -- health_department.rb:47 : Received health status: house-456-oak-street = healthy (All systems normal, 2 occupants safe)
[2025-08-24 16:14:12.061] INFO  -- health_department.rb:47 : Received health status: first-national-bank = healthy (All systems operational, security level: normal)
[2025-08-24 16:14:12.062] INFO  -- base.rb:168 : [SmartMessage] Received: Messages::HealthStatusMessage (390 bytes)
[2025-08-24 16:14:12.063] INFO  -- health_department.rb:47 : Received health status: fire_department = healthy (All engines available, 0 active fires)
[2025-08-24 16:14:17.065] INFO  -- health_department.rb:88 : Broadcasting health check #14
[2025-08-24 16:14:17.068] INFO  -- messaging.rb:60 : [SmartMessage] Published: Messages::HealthCheckMessage via RedisTransport
[2025-08-24 16:14:17.080] INFO  -- base.rb:168 : [SmartMessage] Received: Messages::HealthStatusMessage (408 bytes)
[2025-08-24 16:14:17.081] INFO  -- base.rb:168 : [SmartMessage] Received: Messages::HealthStatusMessage (397 bytes)
[2025-08-24 16:14:17.082] INFO  -- base.rb:168 : [SmartMessage] Received: Messages::HealthStatusMessage (375 bytes)
[2025-08-24 16:14:17.082] INFO  -- base.rb:168 : [SmartMessage] Received: Messages::HealthStatusMessage (398 bytes)
[2025-08-24 16:14:17.083] INFO  -- health_department.rb:47 : Received health status: emergency-dispatch-center = healthy ()
[2025-08-24 16:14:17.083] INFO  -- health_department.rb:47 : Received health status: police_department = healthy (All units operational, 0 active incidents)
[2025-08-24 16:14:17.082] INFO  -- health_department.rb:47 : Received health status: first-national-bank = healthy (All systems operational, security level: normal)
[2025-08-24 16:14:17.083] INFO  -- base.rb:168 : [SmartMessage] Received: Messages::HealthStatusMessage (399 bytes)
[2025-08-24 16:14:17.084] INFO  -- base.rb:168 : [SmartMessage] Received: Messages::HealthStatusMessage (390 bytes)
[2025-08-24 16:14:17.084] INFO  -- health_department.rb:47 : Received health status: house-456-oak-street = healthy (All systems normal, 2 occupants safe)
[2025-08-24 16:14:17.085] INFO  -- health_department.rb:47 : Received health status: fire_department = healthy (All engines available, 0 active fires)
[2025-08-24 16:14:17.082] INFO  -- health_department.rb:47 : Received health status: house-789-pine-lane = healthy (All systems normal, 1 occupants safe)
[2025-08-24 16:14:22.070] INFO  -- health_department.rb:88 : Broadcasting health check #15
[2025-08-24 16:14:22.071] INFO  -- messaging.rb:60 : [SmartMessage] Published: Messages::HealthCheckMessage via RedisTransport
[2025-08-24 16:14:22.074] INFO  -- base.rb:168 : [SmartMessage] Received: Messages::HealthStatusMessage (408 bytes)
[2025-08-24 16:14:22.075] INFO  -- base.rb:168 : [SmartMessage] Received: Messages::HealthStatusMessage (398 bytes)
[2025-08-24 16:14:22.076] INFO  -- base.rb:168 : [SmartMessage] Received: Messages::HealthStatusMessage (397 bytes)
[2025-08-24 16:14:22.076] INFO  -- base.rb:168 : [SmartMessage] Received: Messages::HealthStatusMessage (399 bytes)
[2025-08-24 16:14:22.077] INFO  -- base.rb:168 : [SmartMessage] Received: Messages::HealthStatusMessage (375 bytes)
[2025-08-24 16:14:22.078] INFO  -- base.rb:168 : [SmartMessage] Received: Messages::HealthStatusMessage (390 bytes)
[2025-08-24 16:14:22.078] INFO  -- health_department.rb:47 : Received health status: emergency-dispatch-center = healthy ()
[2025-08-24 16:14:22.077] INFO  -- health_department.rb:47 : Received health status: police_department = healthy (All units operational, 0 active incidents)
[2025-08-24 16:14:22.078] INFO  -- health_department.rb:47 : Received health status: house-456-oak-street = healthy (All systems normal, 2 occupants safe)
[2025-08-24 16:14:22.075] INFO  -- health_department.rb:47 : Received health status: first-national-bank = healthy (All systems operational, security level: normal)
[2025-08-24 16:14:22.077] INFO  -- health_department.rb:47 : Received health status: house-789-pine-lane = healthy (All systems normal, 1 occupants safe)
[2025-08-24 16:14:22.078] INFO  -- health_department.rb:47 : Received health status: fire_department = healthy (All engines available, 0 active fires)
[2025-08-24 16:14:27.077] INFO  -- health_department.rb:88 : Broadcasting health check #16
[2025-08-24 16:14:27.078] INFO  -- messaging.rb:60 : [SmartMessage] Published: Messages::HealthCheckMessage via RedisTransport
[2025-08-24 16:14:27.080] INFO  -- base.rb:168 : [SmartMessage] Received: Messages::HealthStatusMessage (397 bytes)
[2025-08-24 16:14:27.081] INFO  -- base.rb:168 : [SmartMessage] Received: Messages::HealthStatusMessage (398 bytes)
[2025-08-24 16:14:27.081] INFO  -- base.rb:168 : [SmartMessage] Received: Messages::HealthStatusMessage (390 bytes)
[2025-08-24 16:14:27.082] INFO  -- base.rb:168 : [SmartMessage] Received: Messages::HealthStatusMessage (375 bytes)
[2025-08-24 16:14:27.082] INFO  -- base.rb:168 : [SmartMessage] Received: Messages::HealthStatusMessage (399 bytes)
[2025-08-24 16:14:27.083] INFO  -- health_department.rb:47 : Received health status: emergency-dispatch-center = healthy ()
[2025-08-24 16:14:27.083] INFO  -- health_department.rb:47 : Received health status: house-456-oak-street = healthy (All systems normal, 2 occupants safe)
[2025-08-24 16:14:27.082] INFO  -- health_department.rb:47 : Received health status: police_department = healthy (All units operational, 0 active incidents)
[2025-08-24 16:14:27.081] INFO  -- health_department.rb:47 : Received health status: house-789-pine-lane = healthy (All systems normal, 1 occupants safe)
[2025-08-24 16:14:27.082] INFO  -- health_department.rb:47 : Received health status: fire_department = healthy (All engines available, 0 active fires)
[2025-08-24 16:14:27.084] INFO  -- base.rb:168 : [SmartMessage] Received: Messages::HealthStatusMessage (408 bytes)
[2025-08-24 16:14:27.085] INFO  -- health_department.rb:47 : Received health status: first-national-bank = healthy (All systems operational, security level: normal)
[2025-08-24 16:14:32.085] INFO  -- health_department.rb:88 : Broadcasting health check #17
[2025-08-24 16:14:32.086] INFO  -- messaging.rb:60 : [SmartMessage] Published: Messages::HealthCheckMessage via RedisTransport
[2025-08-24 16:14:32.090] INFO  -- base.rb:168 : [SmartMessage] Received: Messages::HealthStatusMessage (397 bytes)
[2025-08-24 16:14:32.094] INFO  -- base.rb:168 : [SmartMessage] Received: Messages::HealthStatusMessage (375 bytes)
[2025-08-24 16:14:32.094] INFO  -- health_department.rb:47 : Received health status: house-789-pine-lane = healthy (All systems normal, 1 occupants safe)
[2025-08-24 16:14:32.094] INFO  -- health_department.rb:47 : Received health status: emergency-dispatch-center = healthy ()
[2025-08-24 16:14:32.094] INFO  -- base.rb:168 : [SmartMessage] Received: Messages::HealthStatusMessage (408 bytes)
[2025-08-24 16:14:32.095] INFO  -- base.rb:168 : [SmartMessage] Received: Messages::HealthStatusMessage (398 bytes)
[2025-08-24 16:14:32.096] INFO  -- base.rb:168 : [SmartMessage] Received: Messages::HealthStatusMessage (390 bytes)
[2025-08-24 16:14:32.096] INFO  -- base.rb:168 : [SmartMessage] Received: Messages::HealthStatusMessage (399 bytes)
[2025-08-24 16:14:32.097] INFO  -- health_department.rb:47 : Received health status: fire_department = healthy (All engines available, 0 active fires)
[2025-08-24 16:14:32.097] INFO  -- health_department.rb:47 : Received health status: house-456-oak-street = healthy (All systems normal, 2 occupants safe)
[2025-08-24 16:14:32.096] INFO  -- health_department.rb:47 : Received health status: police_department = healthy (All units operational, 0 active incidents)
[2025-08-24 16:14:32.096] INFO  -- health_department.rb:47 : Received health status: first-national-bank = healthy (All systems operational, security level: normal)
[2025-08-24 16:14:37.091] INFO  -- health_department.rb:88 : Broadcasting health check #18
[2025-08-24 16:14:37.092] INFO  -- messaging.rb:60 : [SmartMessage] Published: Messages::HealthCheckMessage via RedisTransport
[2025-08-24 16:14:37.095] INFO  -- base.rb:168 : [SmartMessage] Received: Messages::HealthStatusMessage (408 bytes)
[2025-08-24 16:14:37.096] INFO  -- base.rb:168 : [SmartMessage] Received: Messages::HealthStatusMessage (375 bytes)
[2025-08-24 16:14:37.096] INFO  -- base.rb:168 : [SmartMessage] Received: Messages::HealthStatusMessage (397 bytes)
[2025-08-24 16:14:37.097] INFO  -- health_department.rb:47 : Received health status: emergency-dispatch-center = healthy ()
[2025-08-24 16:14:37.097] INFO  -- health_department.rb:47 : Received health status: house-789-pine-lane = healthy (All systems normal, 1 occupants safe)
[2025-08-24 16:14:37.097] INFO  -- base.rb:168 : [SmartMessage] Received: Messages::HealthStatusMessage (399 bytes)
[2025-08-24 16:14:37.098] INFO  -- base.rb:168 : [SmartMessage] Received: Messages::HealthStatusMessage (398 bytes)
[2025-08-24 16:14:37.098] INFO  -- base.rb:168 : [SmartMessage] Received: Messages::HealthStatusMessage (390 bytes)
[2025-08-24 16:14:37.098] INFO  -- health_department.rb:47 : Received health status: police_department = healthy (All units operational, 0 active incidents)
[2025-08-24 16:14:37.098] INFO  -- health_department.rb:47 : Received health status: fire_department = healthy (All engines available, 0 active fires)
[2025-08-24 16:14:37.098] INFO  -- health_department.rb:47 : Received health status: house-456-oak-street = healthy (All systems normal, 2 occupants safe)
[2025-08-24 16:14:37.096] INFO  -- health_department.rb:47 : Received health status: first-national-bank = healthy (All systems operational, security level: normal)
[2025-08-24 16:14:42.099] INFO  -- health_department.rb:88 : Broadcasting health check #19
[2025-08-24 16:14:42.100] INFO  -- messaging.rb:60 : [SmartMessage] Published: Messages::HealthCheckMessage via RedisTransport
[2025-08-24 16:14:42.103] INFO  -- base.rb:168 : [SmartMessage] Received: Messages::HealthStatusMessage (375 bytes)
[2025-08-24 16:14:42.104] INFO  -- health_department.rb:47 : Received health status: emergency-dispatch-center = healthy ()
[2025-08-24 16:14:42.105] INFO  -- base.rb:168 : [SmartMessage] Received: Messages::HealthStatusMessage (397 bytes)
[2025-08-24 16:14:42.105] INFO  -- base.rb:168 : [SmartMessage] Received: Messages::HealthStatusMessage (408 bytes)
[2025-08-24 16:14:42.106] INFO  -- base.rb:168 : [SmartMessage] Received: Messages::HealthStatusMessage (398 bytes)
[2025-08-24 16:14:42.107] INFO  -- health_department.rb:47 : Received health status: first-national-bank = healthy (All systems operational, security level: normal)
[2025-08-24 16:14:42.107] INFO  -- health_department.rb:47 : Received health status: police_department = healthy (All units operational, 0 active incidents)
[2025-08-24 16:14:42.107] INFO  -- base.rb:168 : [SmartMessage] Received: Messages::HealthStatusMessage (399 bytes)
[2025-08-24 16:14:42.108] INFO  -- base.rb:168 : [SmartMessage] Received: Messages::HealthStatusMessage (390 bytes)
[2025-08-24 16:14:42.108] INFO  -- health_department.rb:47 : Received health status: house-456-oak-street = healthy (All systems normal, 2 occupants safe)
[2025-08-24 16:14:42.109] INFO  -- health_department.rb:47 : Received health status: fire_department = healthy (All engines available, 0 active fires)
[2025-08-24 16:14:42.106] INFO  -- health_department.rb:47 : Received health status: house-789-pine-lane = healthy (All systems normal, 1 occupants safe)
[2025-08-24 16:14:47.105] INFO  -- health_department.rb:88 : Broadcasting health check #20
[2025-08-24 16:14:47.108] INFO  -- messaging.rb:60 : [SmartMessage] Published: Messages::HealthCheckMessage via RedisTransport
[2025-08-24 16:14:47.112] INFO  -- base.rb:168 : [SmartMessage] Received: Messages::HealthStatusMessage (375 bytes)
[2025-08-24 16:14:47.113] INFO  -- base.rb:168 : [SmartMessage] Received: Messages::HealthStatusMessage (408 bytes)
[2025-08-24 16:14:47.113] INFO  -- health_department.rb:47 : Received health status: emergency-dispatch-center = healthy ()
[2025-08-24 16:14:47.114] INFO  -- health_department.rb:47 : Received health status: first-national-bank = healthy (All systems operational, security level: normal)
[2025-08-24 16:14:47.114] INFO  -- base.rb:168 : [SmartMessage] Received: Messages::HealthStatusMessage (390 bytes)
[2025-08-24 16:14:47.115] INFO  -- base.rb:168 : [SmartMessage] Received: Messages::HealthStatusMessage (398 bytes)
[2025-08-24 16:14:47.116] INFO  -- health_department.rb:47 : Received health status: fire_department = healthy (All engines available, 0 active fires)
[2025-08-24 16:14:47.116] INFO  -- health_department.rb:47 : Received health status: police_department = healthy (All units operational, 0 active incidents)
[2025-08-24 16:14:47.117] INFO  -- base.rb:168 : [SmartMessage] Received: Messages::HealthStatusMessage (399 bytes)
[2025-08-24 16:14:47.118] INFO  -- health_department.rb:47 : Received health status: house-456-oak-street = healthy (All systems normal, 2 occupants safe)
[2025-08-24 16:14:47.118] INFO  -- base.rb:168 : [SmartMessage] Received: Messages::HealthStatusMessage (397 bytes)
[2025-08-24 16:14:47.119] INFO  -- health_department.rb:47 : Received health status: house-789-pine-lane = healthy (All systems normal, 1 occupants safe)
[2025-08-24 16:14:52.112] INFO  -- health_department.rb:88 : Broadcasting health check #21
[2025-08-24 16:14:52.113] INFO  -- messaging.rb:60 : [SmartMessage] Published: Messages::HealthCheckMessage via RedisTransport
[2025-08-24 16:14:52.115] INFO  -- base.rb:168 : [SmartMessage] Received: Messages::HealthStatusMessage (398 bytes)
[2025-08-24 16:14:52.115] INFO  -- base.rb:168 : [SmartMessage] Received: Messages::HealthStatusMessage (408 bytes)
[2025-08-24 16:14:52.116] INFO  -- health_department.rb:47 : Received health status: police_department = healthy (All units operational, 0 active incidents)
[2025-08-24 16:14:52.116] INFO  -- health_department.rb:47 : Received health status: first-national-bank = healthy (All systems operational, security level: normal)
[2025-08-24 16:14:52.116] INFO  -- base.rb:168 : [SmartMessage] Received: Messages::HealthStatusMessage (375 bytes)
[2025-08-24 16:14:52.117] INFO  -- base.rb:168 : [SmartMessage] Received: Messages::HealthStatusMessage (399 bytes)
[2025-08-24 16:14:52.118] INFO  -- base.rb:168 : [SmartMessage] Received: Messages::HealthStatusMessage (397 bytes)
[2025-08-24 16:14:52.118] INFO  -- health_department.rb:47 : Received health status: house-456-oak-street = healthy (All systems normal, 2 occupants safe)
[2025-08-24 16:14:52.119] INFO  -- health_department.rb:47 : Received health status: house-789-pine-lane = healthy (All systems normal, 1 occupants safe)
[2025-08-24 16:14:52.118] INFO  -- base.rb:168 : [SmartMessage] Received: Messages::HealthStatusMessage (390 bytes)
[2025-08-24 16:14:52.118] INFO  -- health_department.rb:47 : Received health status: emergency-dispatch-center = healthy ()
[2025-08-24 16:14:52.119] INFO  -- health_department.rb:47 : Received health status: fire_department = healthy (All engines available, 0 active fires)
[2025-08-24 16:14:57.120] INFO  -- health_department.rb:88 : Broadcasting health check #22
[2025-08-24 16:14:57.122] INFO  -- messaging.rb:60 : [SmartMessage] Published: Messages::HealthCheckMessage via RedisTransport
[2025-08-24 16:14:57.125] INFO  -- base.rb:168 : [SmartMessage] Received: Messages::HealthStatusMessage (375 bytes)
[2025-08-24 16:14:57.126] INFO  -- base.rb:168 : [SmartMessage] Received: Messages::HealthStatusMessage (397 bytes)
[2025-08-24 16:14:57.126] INFO  -- base.rb:168 : [SmartMessage] Received: Messages::HealthStatusMessage (399 bytes)
[2025-08-24 16:14:57.127] INFO  -- base.rb:168 : [SmartMessage] Received: Messages::HealthStatusMessage (398 bytes)
[2025-08-24 16:14:57.127] INFO  -- base.rb:168 : [SmartMessage] Received: Messages::HealthStatusMessage (408 bytes)
[2025-08-24 16:14:57.128] INFO  -- base.rb:168 : [SmartMessage] Received: Messages::HealthStatusMessage (390 bytes)
[2025-08-24 16:14:57.128] INFO  -- health_department.rb:47 : Received health status: first-national-bank = healthy (All systems operational, security level: normal)
[2025-08-24 16:14:57.128] INFO  -- health_department.rb:47 : Received health status: fire_department = healthy (All engines available, 0 active fires)
[2025-08-24 16:14:57.128] INFO  -- health_department.rb:47 : Received health status: police_department = healthy (All units operational, 0 active incidents)
[2025-08-24 16:14:57.126] INFO  -- health_department.rb:47 : Received health status: emergency-dispatch-center = healthy ()
[2025-08-24 16:14:57.127] INFO  -- health_department.rb:47 : Received health status: house-456-oak-street = healthy (All systems normal, 2 occupants safe)
[2025-08-24 16:14:57.127] INFO  -- health_department.rb:47 : Received health status: house-789-pine-lane = healthy (All systems normal, 1 occupants safe)
[2025-08-24 16:15:02.129] INFO  -- health_department.rb:88 : Broadcasting health check #23
[2025-08-24 16:15:02.131] INFO  -- messaging.rb:60 : [SmartMessage] Published: Messages::HealthCheckMessage via RedisTransport
[2025-08-24 16:15:02.137] INFO  -- base.rb:168 : [SmartMessage] Received: Messages::HealthStatusMessage (375 bytes)
[2025-08-24 16:15:02.138] INFO  -- base.rb:168 : [SmartMessage] Received: Messages::HealthStatusMessage (408 bytes)
[2025-08-24 16:15:02.139] INFO  -- base.rb:168 : [SmartMessage] Received: Messages::HealthStatusMessage (397 bytes)
[2025-08-24 16:15:02.139] INFO  -- health_department.rb:47 : Received health status: first-national-bank = healthy (All systems operational, security level: normal)
[2025-08-24 16:15:02.140] INFO  -- health_department.rb:47 : Received health status: house-789-pine-lane = healthy (All systems normal, 1 occupants safe)
[2025-08-24 16:15:02.140] INFO  -- base.rb:168 : [SmartMessage] Received: Messages::HealthStatusMessage (398 bytes)
[2025-08-24 16:15:02.140] INFO  -- base.rb:168 : [SmartMessage] Received: Messages::HealthStatusMessage (399 bytes)
[2025-08-24 16:15:02.141] INFO  -- health_department.rb:47 : Received health status: police_department = healthy (All units operational, 0 active incidents)
[2025-08-24 16:15:02.141] INFO  -- health_department.rb:47 : Received health status: house-456-oak-street = healthy (All systems normal, 2 occupants safe)
[2025-08-24 16:15:02.141] INFO  -- base.rb:168 : [SmartMessage] Received: Messages::HealthStatusMessage (390 bytes)
[2025-08-24 16:15:02.139] INFO  -- health_department.rb:47 : Received health status: emergency-dispatch-center = healthy ()
[2025-08-24 16:15:02.142] INFO  -- health_department.rb:47 : Received health status: fire_department = healthy (All engines available, 0 active fires)
[2025-08-24 16:15:07.137] INFO  -- health_department.rb:88 : Broadcasting health check #24
[2025-08-24 16:15:07.138] INFO  -- messaging.rb:60 : [SmartMessage] Published: Messages::HealthCheckMessage via RedisTransport
[2025-08-24 16:15:07.140] INFO  -- base.rb:168 : [SmartMessage] Received: Messages::HealthStatusMessage (399 bytes)
[2025-08-24 16:15:07.141] INFO  -- base.rb:168 : [SmartMessage] Received: Messages::HealthStatusMessage (375 bytes)
[2025-08-24 16:15:07.141] INFO  -- base.rb:168 : [SmartMessage] Received: Messages::HealthStatusMessage (397 bytes)
[2025-08-24 16:15:07.142] INFO  -- base.rb:168 : [SmartMessage] Received: Messages::HealthStatusMessage (413 bytes)
[2025-08-24 16:15:07.144] INFO  -- health_department.rb:47 : Received health status: house-789-pine-lane = healthy (All systems normal, 1 occupants safe)
[2025-08-24 16:15:07.144] INFO  -- health_department.rb:47 : Received health status: first-national-bank = critical (Security breach detected, lockdown protocols active)
[2025-08-24 16:15:07.142] INFO  -- health_department.rb:47 : Received health status: emergency-dispatch-center = healthy ()
[2025-08-24 16:15:07.144] INFO  -- base.rb:168 : [SmartMessage] Received: Messages::HealthStatusMessage (398 bytes)
[2025-08-24 16:15:07.145] INFO  -- base.rb:168 : [SmartMessage] Received: Messages::HealthStatusMessage (390 bytes)
[2025-08-24 16:15:07.145] INFO  -- health_department.rb:47 : Received health status: police_department = healthy (All units operational, 0 active incidents)
[2025-08-24 16:15:07.146] INFO  -- health_department.rb:47 : Received health status: fire_department = healthy (All engines available, 0 active fires)
[2025-08-24 16:15:07.141] INFO  -- health_department.rb:47 : Received health status: house-456-oak-street = healthy (All systems normal, 2 occupants safe)
[2025-08-24 16:15:12.144] INFO  -- health_department.rb:88 : Broadcasting health check #25
[2025-08-24 16:15:12.147] INFO  -- messaging.rb:60 : [SmartMessage] Published: Messages::HealthCheckMessage via RedisTransport
[2025-08-24 16:15:12.152] INFO  -- base.rb:168 : [SmartMessage] Received: Messages::HealthStatusMessage (375 bytes)
[2025-08-24 16:15:12.153] INFO  -- base.rb:168 : [SmartMessage] Received: Messages::HealthStatusMessage (397 bytes)
[2025-08-24 16:15:12.154] INFO  -- base.rb:168 : [SmartMessage] Received: Messages::HealthStatusMessage (413 bytes)
[2025-08-24 16:15:12.154] INFO  -- health_department.rb:47 : Received health status: emergency-dispatch-center = healthy ()
[2025-08-24 16:15:12.156] INFO  -- health_department.rb:47 : Received health status: first-national-bank = critical (Security breach detected, lockdown protocols active)
[2025-08-24 16:15:12.155] INFO  -- base.rb:168 : [SmartMessage] Received: Messages::HealthStatusMessage (399 bytes)
[2025-08-24 16:15:12.156] INFO  -- base.rb:168 : [SmartMessage] Received: Messages::HealthStatusMessage (398 bytes)
[2025-08-24 16:15:12.157] INFO  -- health_department.rb:47 : Received health status: house-456-oak-street = healthy (All systems normal, 2 occupants safe)
[2025-08-24 16:15:12.157] INFO  -- health_department.rb:47 : Received health status: police_department = healthy (All units operational, 0 active incidents)
[2025-08-24 16:15:12.155] INFO  -- health_department.rb:47 : Received health status: house-789-pine-lane = healthy (All systems normal, 1 occupants safe)
[2025-08-24 16:15:12.158] INFO  -- base.rb:168 : [SmartMessage] Received: Messages::HealthStatusMessage (390 bytes)
[2025-08-24 16:15:12.159] INFO  -- health_department.rb:47 : Received health status: fire_department = healthy (All engines available, 0 active fires)
[2025-08-24 16:15:17.149] INFO  -- health_department.rb:88 : Broadcasting health check #26
[2025-08-24 16:15:17.151] INFO  -- messaging.rb:60 : [SmartMessage] Published: Messages::HealthCheckMessage via RedisTransport
[2025-08-24 16:15:17.155] INFO  -- base.rb:168 : [SmartMessage] Received: Messages::HealthStatusMessage (375 bytes)
[2025-08-24 16:15:17.155] INFO  -- health_department.rb:47 : Received health status: emergency-dispatch-center = healthy ()
[2025-08-24 16:15:17.156] INFO  -- base.rb:168 : [SmartMessage] Received: Messages::HealthStatusMessage (399 bytes)
[2025-08-24 16:15:17.157] INFO  -- base.rb:168 : [SmartMessage] Received: Messages::HealthStatusMessage (397 bytes)
[2025-08-24 16:15:17.157] INFO  -- health_department.rb:47 : Received health status: house-456-oak-street = healthy (All systems normal, 2 occupants safe)
[2025-08-24 16:15:17.158] INFO  -- health_department.rb:47 : Received health status: house-789-pine-lane = healthy (All systems normal, 1 occupants safe)
[2025-08-24 16:15:17.158] INFO  -- base.rb:168 : [SmartMessage] Received: Messages::HealthStatusMessage (413 bytes)
[2025-08-24 16:15:17.159] INFO  -- health_department.rb:47 : Received health status: first-national-bank = critical (Security breach detected, lockdown protocols active)
[2025-08-24 16:15:17.161] INFO  -- base.rb:168 : [SmartMessage] Received: Messages::HealthStatusMessage (390 bytes)
[2025-08-24 16:15:17.162] INFO  -- health_department.rb:47 : Received health status: fire_department = healthy (All engines available, 0 active fires)
[2025-08-24 16:15:17.165] INFO  -- base.rb:168 : [SmartMessage] Received: Messages::HealthStatusMessage (398 bytes)
[2025-08-24 16:15:17.165] INFO  -- health_department.rb:47 : Received health status: police_department = healthy (All units operational, 0 active incidents)
[2025-08-24 16:15:22.154] INFO  -- health_department.rb:88 : Broadcasting health check #27
[2025-08-24 16:15:22.155] INFO  -- messaging.rb:60 : [SmartMessage] Published: Messages::HealthCheckMessage via RedisTransport
[2025-08-24 16:15:22.158] INFO  -- base.rb:168 : [SmartMessage] Received: Messages::HealthStatusMessage (375 bytes)
[2025-08-24 16:15:22.159] INFO  -- base.rb:168 : [SmartMessage] Received: Messages::HealthStatusMessage (397 bytes)
[2025-08-24 16:15:22.160] INFO  -- base.rb:168 : [SmartMessage] Received: Messages::HealthStatusMessage (413 bytes)
[2025-08-24 16:15:22.161] INFO  -- health_department.rb:47 : Received health status: house-789-pine-lane = healthy (All systems normal, 1 occupants safe)
[2025-08-24 16:15:22.161] INFO  -- health_department.rb:47 : Received health status: first-national-bank = critical (Security breach detected, lockdown protocols active)
[2025-08-24 16:15:22.161] INFO  -- base.rb:168 : [SmartMessage] Received: Messages::HealthStatusMessage (398 bytes)
[2025-08-24 16:15:22.162] INFO  -- base.rb:168 : [SmartMessage] Received: Messages::HealthStatusMessage (399 bytes)
[2025-08-24 16:15:22.162] INFO  -- base.rb:168 : [SmartMessage] Received: Messages::HealthStatusMessage (390 bytes)
[2025-08-24 16:15:22.163] INFO  -- health_department.rb:47 : Received health status: house-456-oak-street = healthy (All systems normal, 2 occupants safe)
[2025-08-24 16:15:22.163] INFO  -- health_department.rb:47 : Received health status: fire_department = healthy (All engines available, 0 active fires)
[2025-08-24 16:15:22.162] INFO  -- health_department.rb:47 : Received health status: police_department = healthy (All units operational, 0 active incidents)
[2025-08-24 16:15:22.160] INFO  -- health_department.rb:47 : Received health status: emergency-dispatch-center = healthy ()
[2025-08-24 16:15:27.160] INFO  -- health_department.rb:88 : Broadcasting health check #28
[2025-08-24 16:15:27.162] INFO  -- messaging.rb:60 : [SmartMessage] Published: Messages::HealthCheckMessage via RedisTransport
[2025-08-24 16:15:27.166] INFO  -- base.rb:168 : [SmartMessage] Received: Messages::HealthStatusMessage (375 bytes)
[2025-08-24 16:15:27.166] INFO  -- health_department.rb:47 : Received health status: emergency-dispatch-center = healthy ()
[2025-08-24 16:15:27.167] INFO  -- base.rb:168 : [SmartMessage] Received: Messages::HealthStatusMessage (390 bytes)
[2025-08-24 16:15:27.168] INFO  -- base.rb:168 : [SmartMessage] Received: Messages::HealthStatusMessage (398 bytes)
[2025-08-24 16:15:27.168] INFO  -- health_department.rb:47 : Received health status: fire_department = healthy (All engines available, 0 active fires)
[2025-08-24 16:15:27.169] INFO  -- health_department.rb:47 : Received health status: police_department = healthy (All units operational, 0 active incidents)
[2025-08-24 16:15:27.169] INFO  -- base.rb:168 : [SmartMessage] Received: Messages::HealthStatusMessage (397 bytes)
[2025-08-24 16:15:27.170] INFO  -- base.rb:168 : [SmartMessage] Received: Messages::HealthStatusMessage (413 bytes)
[2025-08-24 16:15:27.171] INFO  -- base.rb:168 : [SmartMessage] Received: Messages::HealthStatusMessage (399 bytes)
[2025-08-24 16:15:27.172] INFO  -- health_department.rb:47 : Received health status: first-national-bank = critical (Security breach detected, lockdown protocols active)
[2025-08-24 16:15:27.172] INFO  -- health_department.rb:47 : Received health status: house-456-oak-street = healthy (All systems normal, 2 occupants safe)
[2025-08-24 16:15:27.171] INFO  -- health_department.rb:47 : Received health status: house-789-pine-lane = healthy (All systems normal, 1 occupants safe)
[2025-08-24 16:15:32.168] INFO  -- health_department.rb:88 : Broadcasting health check #29
[2025-08-24 16:15:32.169] INFO  -- messaging.rb:60 : [SmartMessage] Published: Messages::HealthCheckMessage via RedisTransport
[2025-08-24 16:15:32.171] INFO  -- base.rb:168 : [SmartMessage] Received: Messages::HealthStatusMessage (399 bytes)
[2025-08-24 16:15:32.172] INFO  -- base.rb:168 : [SmartMessage] Received: Messages::HealthStatusMessage (390 bytes)
[2025-08-24 16:15:32.173] INFO  -- base.rb:168 : [SmartMessage] Received: Messages::HealthStatusMessage (397 bytes)
[2025-08-24 16:15:32.173] INFO  -- base.rb:168 : [SmartMessage] Received: Messages::HealthStatusMessage (375 bytes)
[2025-08-24 16:15:32.174] INFO  -- base.rb:168 : [SmartMessage] Received: Messages::HealthStatusMessage (398 bytes)
[2025-08-24 16:15:32.174] INFO  -- health_department.rb:47 : Received health status: emergency-dispatch-center = healthy ()
[2025-08-24 16:15:32.175] INFO  -- health_department.rb:47 : Received health status: police_department = healthy (All units operational, 0 active incidents)
[2025-08-24 16:15:32.173] INFO  -- health_department.rb:47 : Received health status: fire_department = healthy (All engines available, 1 active fires)
[2025-08-24 16:15:32.172] INFO  -- health_department.rb:47 : Received health status: house-456-oak-street = healthy (All systems normal, 2 occupants safe)
[2025-08-24 16:15:32.175] INFO  -- base.rb:168 : [SmartMessage] Received: Messages::HealthStatusMessage (413 bytes)
[2025-08-24 16:15:32.174] INFO  -- health_department.rb:47 : Received health status: house-789-pine-lane = healthy (All systems normal, 1 occupants safe)
[2025-08-24 16:15:32.175] INFO  -- health_department.rb:47 : Received health status: first-national-bank = critical (Security breach detected, lockdown protocols active)
[2025-08-24 16:15:37.175] INFO  -- health_department.rb:88 : Broadcasting health check #30
[2025-08-24 16:15:37.178] INFO  -- messaging.rb:60 : [SmartMessage] Published: Messages::HealthCheckMessage via RedisTransport
[2025-08-24 16:15:37.182] INFO  -- base.rb:168 : [SmartMessage] Received: Messages::HealthStatusMessage (390 bytes)
[2025-08-24 16:15:37.183] INFO  -- base.rb:168 : [SmartMessage] Received: Messages::HealthStatusMessage (399 bytes)
[2025-08-24 16:15:37.184] INFO  -- base.rb:168 : [SmartMessage] Received: Messages::HealthStatusMessage (398 bytes)
[2025-08-24 16:15:37.185] INFO  -- base.rb:168 : [SmartMessage] Received: Messages::HealthStatusMessage (375 bytes)
[2025-08-24 16:15:37.185] INFO  -- health_department.rb:47 : Received health status: police_department = healthy (All units operational, 0 active incidents)
[2025-08-24 16:15:37.186] INFO  -- health_department.rb:47 : Received health status: emergency-dispatch-center = healthy ()
[2025-08-24 16:15:37.183] INFO  -- health_department.rb:47 : Received health status: fire_department = healthy (All engines available, 1 active fires)
[2025-08-24 16:15:37.185] INFO  -- base.rb:168 : [SmartMessage] Received: Messages::HealthStatusMessage (397 bytes)
[2025-08-24 16:15:37.185] INFO  -- health_department.rb:47 : Received health status: house-456-oak-street = healthy (All systems normal, 2 occupants safe)
[2025-08-24 16:15:37.186] INFO  -- health_department.rb:47 : Received health status: house-789-pine-lane = healthy (All systems normal, 1 occupants safe)
[2025-08-24 16:15:37.187] INFO  -- base.rb:168 : [SmartMessage] Received: Messages::HealthStatusMessage (413 bytes)
[2025-08-24 16:15:37.188] INFO  -- health_department.rb:47 : Received health status: first-national-bank = critical (Security breach detected, lockdown protocols active)
